*
* Visual Studio Code Server
*
* By using the software, you agree to
* the Visual Studio Code Server License Terms (https://aka.ms/vscode-server-license) and
* the Microsoft Privacy Statement (https://privacy.microsoft.com/en-US/privacystatement).
*
Server bound to 127.0.0.1:35043 (IPv4)
Extension host agent listening on 35043

[13:21:36] Extension host agent started.
[13:21:36] [127.0.0.1][cb596597][ManagementConnection] New connection established.
[13:21:36] Deleted from disk ms-toolsai.jupyter-renderers /home/ubuntu/.vscode-server/extensions/ms-toolsai.jupyter-renderers-1.0.6
[13:21:37] [127.0.0.1][05f89039][ExtensionHostConnection] New connection established.
[13:21:37] [127.0.0.1][05f89039][ExtensionHostConnection] <1841> Launched Extension Host Process.
[13:21:37] Deleted from disk ms-python.vscode-pylance /home/ubuntu/.vscode-server/extensions/ms-python.vscode-pylance-2022.5.2
Overwriting extension /home/ubuntu/.vscode-server/bin/4af164ea3a06f701fe3e89a2bcbb421d2026b68f/extensions/ms-vscode.js-debug-companion with /home/ubuntu/.vscode-server/extensions/ms-vscode.js-debug-companion-1.0.18.
Overwriting extension /home/ubuntu/.vscode-server/bin/4af164ea3a06f701fe3e89a2bcbb421d2026b68f/extensions/references-view with /home/ubuntu/.vscode-server/extensions/ms-vscode.references-view-0.0.89.
[13:21:41] Getting Manifest... ms-python.python
[13:21:41] Getting Manifest... ms-python.vscode-pylance
[13:21:41] Getting Manifest... ms-toolsai.jupyter
[13:21:41] Getting Manifest... ms-toolsai.jupyter-renderers
[13:21:41] Installing extension: ms-toolsai.jupyter-renderers
[13:21:41] Installing extension: ms-python.vscode-pylance
[13:21:41] Installing extension: ms-python.python
[13:21:41] Installing extension: ms-toolsai.jupyter
[13:21:42] Downloaded extension: ms-toolsai.jupyter-renderers /home/ubuntu/.vscode-server/data/CachedExtensionVSIXs/ms-toolsai.jupyter-renderers-1.0.8
[13:21:42] Downloaded extension: ms-toolsai.jupyter /home/ubuntu/.vscode-server/data/CachedExtensionVSIXs/ms-toolsai.jupyter-2022.5.1001601848
[13:21:42] Downloaded extension: ms-python.vscode-pylance /home/ubuntu/.vscode-server/data/CachedExtensionVSIXs/ms-python.vscode-pylance-2022.6.20
[13:21:42] Downloaded extension: ms-python.python /home/ubuntu/.vscode-server/data/CachedExtensionVSIXs/ms-python.python-2022.8.0
[13:21:43] Extracted extension to /home/ubuntu/.vscode-server/extensions/.7650a21f-b86f-4dc6-a2f5-39217020003d: ms-toolsai.jupyter-renderers
[13:21:43] Renamed to /home/ubuntu/.vscode-server/extensions/ms-toolsai.jupyter-renderers-1.0.8
[13:21:43] Extracting completed. ms-toolsai.jupyter-renderers
[13:21:43] Extension installed successfully: ms-toolsai.jupyter-renderers
[13:21:44] Extracted extension to /home/ubuntu/.vscode-server/extensions/.0d165e51-6e54-4169-9239-907249dddd99: ms-toolsai.jupyter
[13:21:44] Renamed to /home/ubuntu/.vscode-server/extensions/ms-toolsai.jupyter-2022.5.1001601848
[13:21:44] Extracting completed. ms-toolsai.jupyter
[13:21:44] Extension installed successfully: ms-toolsai.jupyter
[13:21:47] Extracted extension to /home/ubuntu/.vscode-server/extensions/.026f49a2-535b-4a25-b78f-5f83ba9e9dfb: ms-python.python
[13:21:47] Renamed to /home/ubuntu/.vscode-server/extensions/ms-python.python-2022.8.0
[13:21:47] Extracting completed. ms-python.python
[13:21:47] Extension installed successfully: ms-python.python
[13:21:49] Extracted extension to /home/ubuntu/.vscode-server/extensions/.60c7769e-a1d4-4e33-8a1a-db6a403232cb: ms-python.vscode-pylance
[13:21:49] Renamed to /home/ubuntu/.vscode-server/extensions/ms-python.vscode-pylance-2022.6.20
[13:21:49] Extracting completed. ms-python.vscode-pylance
[13:21:49] Extension installed successfully: ms-python.vscode-pylance
[13:22:29] [127.0.0.1][cb596597][ManagementConnection] The client has disconnected gracefully, so the connection will be disposed.
[13:22:37] [127.0.0.1][4e9747c0][ManagementConnection] New connection established.
[13:22:37] [127.0.0.1][ae22de90][ExtensionHostConnection] New connection established.
[13:22:37] [127.0.0.1][ae22de90][ExtensionHostConnection] <2011> Launched Extension Host Process.
Overwriting extension /home/ubuntu/.vscode-server/bin/4af164ea3a06f701fe3e89a2bcbb421d2026b68f/extensions/ms-vscode.js-debug-companion with /home/ubuntu/.vscode-server/extensions/ms-vscode.js-debug-companion-1.0.18.
Overwriting extension /home/ubuntu/.vscode-server/bin/4af164ea3a06f701fe3e89a2bcbb421d2026b68f/extensions/references-view with /home/ubuntu/.vscode-server/extensions/ms-vscode.references-view-0.0.89.
rejected promise not handled within 1 second: Error: Could not find pty on pty host
stack trace: Error: Could not find pty on pty host,    at w._throwIfNoPty (/home/ubuntu/.vscode-server/bin/4af164ea3a06f701fe3e89a2bcbb421d2026b68f/out/vs/platform/terminal/node/ptyHostMain.js:20:5333),    at w.updateTitle (/home/ubuntu/.vscode-server/bin/4af164ea3a06f701fe3e89a2bcbb421d2026b68f/out/vs/platform/terminal/node/ptyHostMain.js:20:1673),    at Object.call (/home/ubuntu/.vscode-server/bin/4af164ea3a06f701fe3e89a2bcbb421d2026b68f/out/vs/platform/terminal/node/ptyHostMain.js:13:8386),    at h.onPromise (/home/ubuntu/.vscode-server/bin/4af164ea3a06f701fe3e89a2bcbb421d2026b68f/out/vs/platform/terminal/node/ptyHostMain.js:12:4891),    at h.onRawMessage (/home/ubuntu/.vscode-server/bin/4af164ea3a06f701fe3e89a2bcbb421d2026b68f/out/vs/platform/terminal/node/ptyHostMain.js:12:4274),    at /home/ubuntu/.vscode-server/bin/4af164ea3a06f701fe3e89a2bcbb421d2026b68f/out/vs/platform/terminal/node/ptyHostMain.js:12:3560,    at E.invoke (/home/ubuntu/.vscode-server/bin/4af164ea3a06f701fe3e89a2bcbb421d2026b68f/out/vs/platform/terminal/node/ptyHostMain.js:8:145),    at W.deliver (/home/ubuntu/.vscode-server/bin/4af164ea3a06f701fe3e89a2bcbb421d2026b68f/out/vs/platform/terminal/node/ptyHostMain.js:8:2271),    at c.fire (/home/ubuntu/.vscode-server/bin/4af164ea3a06f701fe3e89a2bcbb421d2026b68f/out/vs/platform/terminal/node/ptyHostMain.js:8:1849),    at process.U (/home/ubuntu/.vscode-server/bin/4af164ea3a06f701fe3e89a2bcbb421d2026b68f/out/vs/platform/terminal/node/ptyHostMain.js:6:35698),    at process.emit (node:events:390:28),    at emit (node:internal/child_process:917:12),    at processTicksAndRejections (node:internal/process/task_queues:84:21)
[13:22:40] [Error: Could not find pty on pty host,    at w._throwIfNoPty (/home/ubuntu/.vscode-server/bin/4af164ea3a06f701fe3e89a2bcbb421d2026b68f/out/vs/platform/terminal/node/ptyHostMain.js:20:5333),    at w.updateTitle (/home/ubuntu/.vscode-server/bin/4af164ea3a06f701fe3e89a2bcbb421d2026b68f/out/vs/platform/terminal/node/ptyHostMain.js:20:1673),    at Object.call (/home/ubuntu/.vscode-server/bin/4af164ea3a06f701fe3e89a2bcbb421d2026b68f/out/vs/platform/terminal/node/ptyHostMain.js:13:8386),    at h.onPromise (/home/ubuntu/.vscode-server/bin/4af164ea3a06f701fe3e89a2bcbb421d2026b68f/out/vs/platform/terminal/node/ptyHostMain.js:12:4891),    at h.onRawMessage (/home/ubuntu/.vscode-server/bin/4af164ea3a06f701fe3e89a2bcbb421d2026b68f/out/vs/platform/terminal/node/ptyHostMain.js:12:4274),    at /home/ubuntu/.vscode-server/bin/4af164ea3a06f701fe3e89a2bcbb421d2026b68f/out/vs/platform/terminal/node/ptyHostMain.js:12:3560,    at E.invoke (/home/ubuntu/.vscode-server/bin/4af164ea3a06f701fe3e89a2bcbb421d2026b68f/out/vs/platform/terminal/node/ptyHostMain.js:8:145),    at W.deliver (/home/ubuntu/.vscode-server/bin/4af164ea3a06f701fe3e89a2bcbb421d2026b68f/out/vs/platform/terminal/node/ptyHostMain.js:8:2271),    at c.fire (/home/ubuntu/.vscode-server/bin/4af164ea3a06f701fe3e89a2bcbb421d2026b68f/out/vs/platform/terminal/node/ptyHostMain.js:8:1849),    at process.U (/home/ubuntu/.vscode-server/bin/4af164ea3a06f701fe3e89a2bcbb421d2026b68f/out/vs/platform/terminal/node/ptyHostMain.js:6:35698),    at process.emit (node:events:390:28),    at emit (node:internal/child_process:917:12),    at processTicksAndRejections (node:internal/process/task_queues:84:21)]
rejected promise not handled within 1 second: Error: Could not find pty on pty host
stack trace: Error: Could not find pty on pty host,    at w._throwIfNoPty (/home/ubuntu/.vscode-server/bin/4af164ea3a06f701fe3e89a2bcbb421d2026b68f/out/vs/platform/terminal/node/ptyHostMain.js:20:5333),    at w.updateIcon (/home/ubuntu/.vscode-server/bin/4af164ea3a06f701fe3e89a2bcbb421d2026b68f/out/vs/platform/terminal/node/ptyHostMain.js:20:1733),    at Object.call (/home/ubuntu/.vscode-server/bin/4af164ea3a06f701fe3e89a2bcbb421d2026b68f/out/vs/platform/terminal/node/ptyHostMain.js:13:8386),    at h.onPromise (/home/ubuntu/.vscode-server/bin/4af164ea3a06f701fe3e89a2bcbb421d2026b68f/out/vs/platform/terminal/node/ptyHostMain.js:12:4891),    at h.onRawMessage (/home/ubuntu/.vscode-server/bin/4af164ea3a06f701fe3e89a2bcbb421d2026b68f/out/vs/platform/terminal/node/ptyHostMain.js:12:4274),    at /home/ubuntu/.vscode-server/bin/4af164ea3a06f701fe3e89a2bcbb421d2026b68f/out/vs/platform/terminal/node/ptyHostMain.js:12:3560,    at E.invoke (/home/ubuntu/.vscode-server/bin/4af164ea3a06f701fe3e89a2bcbb421d2026b68f/out/vs/platform/terminal/node/ptyHostMain.js:8:145),    at W.deliver (/home/ubuntu/.vscode-server/bin/4af164ea3a06f701fe3e89a2bcbb421d2026b68f/out/vs/platform/terminal/node/ptyHostMain.js:8:2271),    at c.fire (/home/ubuntu/.vscode-server/bin/4af164ea3a06f701fe3e89a2bcbb421d2026b68f/out/vs/platform/terminal/node/ptyHostMain.js:8:1849),    at process.U (/home/ubuntu/.vscode-server/bin/4af164ea3a06f701fe3e89a2bcbb421d2026b68f/out/vs/platform/terminal/node/ptyHostMain.js:6:35698),    at process.emit (node:events:390:28),    at emit (node:internal/child_process:917:12),    at processTicksAndRejections (node:internal/process/task_queues:84:21)
[13:22:52] [Error: Could not find pty on pty host,    at w._throwIfNoPty (/home/ubuntu/.vscode-server/bin/4af164ea3a06f701fe3e89a2bcbb421d2026b68f/out/vs/platform/terminal/node/ptyHostMain.js:20:5333),    at w.updateIcon (/home/ubuntu/.vscode-server/bin/4af164ea3a06f701fe3e89a2bcbb421d2026b68f/out/vs/platform/terminal/node/ptyHostMain.js:20:1733),    at Object.call (/home/ubuntu/.vscode-server/bin/4af164ea3a06f701fe3e89a2bcbb421d2026b68f/out/vs/platform/terminal/node/ptyHostMain.js:13:8386),    at h.onPromise (/home/ubuntu/.vscode-server/bin/4af164ea3a06f701fe3e89a2bcbb421d2026b68f/out/vs/platform/terminal/node/ptyHostMain.js:12:4891),    at h.onRawMessage (/home/ubuntu/.vscode-server/bin/4af164ea3a06f701fe3e89a2bcbb421d2026b68f/out/vs/platform/terminal/node/ptyHostMain.js:12:4274),    at /home/ubuntu/.vscode-server/bin/4af164ea3a06f701fe3e89a2bcbb421d2026b68f/out/vs/platform/terminal/node/ptyHostMain.js:12:3560,    at E.invoke (/home/ubuntu/.vscode-server/bin/4af164ea3a06f701fe3e89a2bcbb421d2026b68f/out/vs/platform/terminal/node/ptyHostMain.js:8:145),    at W.deliver (/home/ubuntu/.vscode-server/bin/4af164ea3a06f701fe3e89a2bcbb421d2026b68f/out/vs/platform/terminal/node/ptyHostMain.js:8:2271),    at c.fire (/home/ubuntu/.vscode-server/bin/4af164ea3a06f701fe3e89a2bcbb421d2026b68f/out/vs/platform/terminal/node/ptyHostMain.js:8:1849),    at process.U (/home/ubuntu/.vscode-server/bin/4af164ea3a06f701fe3e89a2bcbb421d2026b68f/out/vs/platform/terminal/node/ptyHostMain.js:6:35698),    at process.emit (node:events:390:28),    at emit (node:internal/child_process:917:12),    at processTicksAndRejections (node:internal/process/task_queues:84:21)]
rejected promise not handled within 1 second: Error: Could not find pty on pty host
stack trace: Error: Could not find pty on pty host,    at w._throwIfNoPty (/home/ubuntu/.vscode-server/bin/4af164ea3a06f701fe3e89a2bcbb421d2026b68f/out/vs/platform/terminal/node/ptyHostMain.js:20:5333),    at w.updateTitle (/home/ubuntu/.vscode-server/bin/4af164ea3a06f701fe3e89a2bcbb421d2026b68f/out/vs/platform/terminal/node/ptyHostMain.js:20:1673),    at Object.call (/home/ubuntu/.vscode-server/bin/4af164ea3a06f701fe3e89a2bcbb421d2026b68f/out/vs/platform/terminal/node/ptyHostMain.js:13:8386),    at h.onPromise (/home/ubuntu/.vscode-server/bin/4af164ea3a06f701fe3e89a2bcbb421d2026b68f/out/vs/platform/terminal/node/ptyHostMain.js:12:4891),    at h.onRawMessage (/home/ubuntu/.vscode-server/bin/4af164ea3a06f701fe3e89a2bcbb421d2026b68f/out/vs/platform/terminal/node/ptyHostMain.js:12:4274),    at /home/ubuntu/.vscode-server/bin/4af164ea3a06f701fe3e89a2bcbb421d2026b68f/out/vs/platform/terminal/node/ptyHostMain.js:12:3560,    at E.invoke (/home/ubuntu/.vscode-server/bin/4af164ea3a06f701fe3e89a2bcbb421d2026b68f/out/vs/platform/terminal/node/ptyHostMain.js:8:145),    at W.deliver (/home/ubuntu/.vscode-server/bin/4af164ea3a06f701fe3e89a2bcbb421d2026b68f/out/vs/platform/terminal/node/ptyHostMain.js:8:2271),    at c.fire (/home/ubuntu/.vscode-server/bin/4af164ea3a06f701fe3e89a2bcbb421d2026b68f/out/vs/platform/terminal/node/ptyHostMain.js:8:1849),    at process.U (/home/ubuntu/.vscode-server/bin/4af164ea3a06f701fe3e89a2bcbb421d2026b68f/out/vs/platform/terminal/node/ptyHostMain.js:6:35698),    at process.emit (node:events:390:28),    at emit (node:internal/child_process:917:12),    at processTicksAndRejections (node:internal/process/task_queues:84:21)
[13:22:52] [Error: Could not find pty on pty host,    at w._throwIfNoPty (/home/ubuntu/.vscode-server/bin/4af164ea3a06f701fe3e89a2bcbb421d2026b68f/out/vs/platform/terminal/node/ptyHostMain.js:20:5333),    at w.updateTitle (/home/ubuntu/.vscode-server/bin/4af164ea3a06f701fe3e89a2bcbb421d2026b68f/out/vs/platform/terminal/node/ptyHostMain.js:20:1673),    at Object.call (/home/ubuntu/.vscode-server/bin/4af164ea3a06f701fe3e89a2bcbb421d2026b68f/out/vs/platform/terminal/node/ptyHostMain.js:13:8386),    at h.onPromise (/home/ubuntu/.vscode-server/bin/4af164ea3a06f701fe3e89a2bcbb421d2026b68f/out/vs/platform/terminal/node/ptyHostMain.js:12:4891),    at h.onRawMessage (/home/ubuntu/.vscode-server/bin/4af164ea3a06f701fe3e89a2bcbb421d2026b68f/out/vs/platform/terminal/node/ptyHostMain.js:12:4274),    at /home/ubuntu/.vscode-server/bin/4af164ea3a06f701fe3e89a2bcbb421d2026b68f/out/vs/platform/terminal/node/ptyHostMain.js:12:3560,    at E.invoke (/home/ubuntu/.vscode-server/bin/4af164ea3a06f701fe3e89a2bcbb421d2026b68f/out/vs/platform/terminal/node/ptyHostMain.js:8:145),    at W.deliver (/home/ubuntu/.vscode-server/bin/4af164ea3a06f701fe3e89a2bcbb421d2026b68f/out/vs/platform/terminal/node/ptyHostMain.js:8:2271),    at c.fire (/home/ubuntu/.vscode-server/bin/4af164ea3a06f701fe3e89a2bcbb421d2026b68f/out/vs/platform/terminal/node/ptyHostMain.js:8:1849),    at process.U (/home/ubuntu/.vscode-server/bin/4af164ea3a06f701fe3e89a2bcbb421d2026b68f/out/vs/platform/terminal/node/ptyHostMain.js:6:35698),    at process.emit (node:events:390:28),    at emit (node:internal/child_process:917:12),    at processTicksAndRejections (node:internal/process/task_queues:84:21)]
[13:27:37] [127.0.0.1][05f89039][ExtensionHostConnection] <1841> Extension Host Process exited with code: 0, signal: null.
[15:23:18] [127.0.0.1][4e9747c0][ManagementConnection] The client has disconnected gracefully, so the connection will be disposed.
[18:23:30] [127.0.0.1][ae22de90][ExtensionHostConnection] <2011> Extension Host Process exited with code: 0, signal: null.
Last EH closed, waiting before shutting down
[18:23:30] Last EH closed, waiting before shutting down
Last EH closed, shutting down
[18:28:30] Last EH closed, shutting down
