*
* Visual Studio Code Server
*
* By using the software, you agree to
* the Visual Studio Code Server License Terms (https://aka.ms/vscode-server-license) and
* the Microsoft Privacy Statement (https://privacy.microsoft.com/en-US/privacystatement).
*
Server bound to 127.0.0.1:34709 (IPv4)
Extension host agent listening on 34709

[15:54:22] Extension host agent started.
[15:54:23] [127.0.0.1][ad990f68][ManagementConnection] New connection established.
[15:54:23] [127.0.0.1][4edc9006][ExtensionHostConnection] New connection established.
[15:54:23] [127.0.0.1][4edc9006][ExtensionHostConnection] <1132> Launched Extension Host Process.
[15:54:23] [/home/ubuntu/.vscode-server/extensions/ms-python.python-2022.6.2]: Extension is not compatible with Code 1.66.2. Extension requires: ^1.67.0.
[15:54:23] [/home/ubuntu/.vscode-server/extensions/ms-python.vscode-pylance-2022.5.2]: Extension is not compatible with Code 1.66.2. Extension requires: ^1.67.0.
[15:54:23] [/home/ubuntu/.vscode-server/extensions/ms-toolsai.jupyter-2022.4.1021342353]: Extension is not compatible with Code 1.66.2. Extension requires: ^1.67.0.
Overwriting extension /home/ubuntu/.vscode-server/bin/dfd34e8260c270da74b5c2d86d61aee4b6d56977/extensions/ms-vscode.js-debug-companion with /home/ubuntu/.vscode-server/extensions/ms-vscode.js-debug-companion-1.0.18.
Overwriting extension /home/ubuntu/.vscode-server/bin/dfd34e8260c270da74b5c2d86d61aee4b6d56977/extensions/ms-vscode.references-view with /home/ubuntu/.vscode-server/extensions/ms-vscode.references-view-0.0.89.
[IPC Library: Pty Host]  WARN Shell integration cannot be enabled for executable "/bin/sh" and args [
  '-c',
  'wget --version > /dev/null\n' +
    'if [ $? -eq 0 ]\n' +
    'then\n' +
    "\twget --connect-timeout=7 --tries=1 --dns-timeout=7 -q --header='Metadata:true' -O - http://169.254.169.254/metadata/instance?api-version=2019-03-11\n" +
    'else\n' +
    '\tcurl --version > /dev/null\n' +
    '\tif [ $? -eq 0 ]\n' +
    '\tthen\n' +
    "\t\tcurl --connect-timeout 7 -s --header='Metadata:true' http://169.254.169.254/metadata/instance?api-version=2019-03-11\n" +
    '\tfi\n' +
    'fi\n' +
    'exit 0'
]
[IPC Library: Pty Host]  WARN Shell integration cannot be enabled for executable "/bin/sh" and args [
  '-c',
  'wget --version > /dev/null\n' +
    'if [ $? -eq 0 ]\n' +
    'then\n' +
    '\twget --connect-timeout=7 --tries=1 --dns-timeout=7 -q  -O - http://169.254.169.254/latest/meta-data/instance-id\n' +
    'else\n' +
    '\tcurl --version > /dev/null\n' +
    '\tif [ $? -eq 0 ]\n' +
    '\tthen\n' +
    '\t\tcurl --connect-timeout 7 -s  http://169.254.169.254/latest/meta-data/instance-id\n' +
    '\tfi\n' +
    'fi\n' +
    'exit 0'
]
[IPC Library: Pty Host]  WARN Shell integration cannot be enabled for executable "/bin/sh" and args [
  '-c',
  'wget --version > /dev/null\n' +
    'if [ $? -eq 0 ]\n' +
    'then\n' +
    '\twget --connect-timeout=7 --tries=1 --dns-timeout=7 -q  -O - http://169.254.169.254/metadata/v1/id\n' +
    'else\n' +
    '\tcurl --version > /dev/null\n' +
    '\tif [ $? -eq 0 ]\n' +
    '\tthen\n' +
    '\t\tcurl --connect-timeout 7 -s  http://169.254.169.254/metadata/v1/id\n' +
    '\tfi\n' +
    'fi\n' +
    'exit 0'
]
[IPC Library: Pty Host]  WARN Shell integration cannot be enabled for executable "/bin/sh" and args [
  '-c',
  'wget --version > /dev/null\n' +
    'if [ $? -eq 0 ]\n' +
    'then\n' +
    "\twget --connect-timeout=7 --tries=1 --dns-timeout=7 -q --header='Metadata-Flavor:Google' -O - http://metadata.google.internal/computeMetadata/v1/instance/id\n" +
    'else\n' +
    '\tcurl --version > /dev/null\n' +
    '\tif [ $? -eq 0 ]\n' +
    '\tthen\n' +
    "\t\tcurl --connect-timeout 7 -s --header='Metadata-Flavor:Google' http://metadata.google.internal/computeMetadata/v1/instance/id\n" +
    '\tfi\n' +
    'fi\n' +
    'exit 0'
]
[15:54:38] [127.0.0.1][ad990f68][ManagementConnection] The client has disconnected gracefully, so the connection will be disposed.
[15:54:38] [127.0.0.1][4edc9006][ExtensionHostConnection] <1132> Extension Host Process exited with code: 0, signal: null.
Last EH closed, waiting before shutting down
[15:54:38] Last EH closed, waiting before shutting down
Last EH closed, shutting down
[15:59:38] Last EH closed, shutting down
